[root@lvm ~]# mkdir /usr/lib/dracut/modules.d/01test
[root@lvm ~]# cd /usr/lib/dracut/modules.d/0
00bash/              03modsign/           05busybox/
00systemd-bootchart/ 03rescue/            05nss-softokn/
01test/              04watchdog/          
[root@lvm ~]# cd /usr/lib/dracut/modules.d/01test/
[root@lvm 01test]# vim module-setup.sh
[root@lvm 01test]# vim test.sh
[root@lvm 01test]# vim test.sh
[root@lvm 01test]# 
[root@lvm 01test]# 
[root@lvm 01test]# mkinitrd -f -v /boot/initramfs-$(uname -r).img $(uname -r)
Executing: /sbin/dracut -f -v /boot/initramfs-3.10.0-862.2.3.el7.x86_64.img 3.10.0-862.2.3.el7.x86_64
dracut module 'busybox' will not be installed, because command 'busybox' could not be found!
dracut module 'crypt' will not be installed, because command 'cryptsetup' could not be found!
dracut module 'dmraid' will not be installed, because command 'dmraid' could not be found!
dracut module 'dmsquash-live-ntfs' will not be installed, because command 'ntfs-3g' could not be found!
dracut module 'multipath' will not be installed, because command 'multipath' could not be found!
dracut module 'busybox' will not be installed, because command 'busybox' could not be found!
dracut module 'crypt' will not be installed, because command 'cryptsetup' could not be found!
dracut module 'dmraid' will not be installed, because command 'dmraid' could not be found!
dracut module 'dmsquash-live-ntfs' will not be installed, because command 'ntfs-3g' could not be found!
dracut module 'multipath' will not be installed, because command 'multipath' could not be found!
*** Including module: bash ***
*** Including module: test ***
*** Including module: nss-softokn ***
*** Including module: i18n ***
*** Including module: drm ***
*** Including module: plymouth ***
*** Including module: dm ***
Skipping udev rule: 64-device-mapper.rules
Skipping udev rule: 60-persistent-storage-dm.rules
Skipping udev rule: 55-dm.rules
*** Including module: kernel-modules ***
Omitting driver floppy
*** Including module: lvm ***
Skipping udev rule: 64-device-mapper.rules
Skipping udev rule: 56-lvm.rules
Skipping udev rule: 60-persistent-storage-lvm.rules
*** Including module: qemu ***
*** Including module: resume ***
*** Including module: rootfs-block ***
*** Including module: terminfo ***
*** Including module: udev-rules ***
Skipping udev rule: 40-redhat-cpu-hotplug.rules
Skipping udev rule: 91-permissions.rules
*** Including module: biosdevname ***
*** Including module: systemd ***
*** Including module: usrmount ***
*** Including module: base ***
*** Including module: fs-lib ***
*** Including module: shutdown ***
*** Including modules done ***
*** Installing kernel module dependencies and firmware ***
*** Installing kernel module dependencies and firmware done ***
*** Resolving executable dependencies ***
*** Resolving executable dependencies done***
*** Hardlinking files ***
*** Hardlinking files done ***
*** Stripping files ***
*** Stripping files done ***
*** Generating early-microcode cpio image contents ***
*** Constructing AuthenticAMD.bin ****
*** Store current command line parameters ***
*** Creating image file ***
*** Creating microcode section ***
*** Created microcode section ***
*** Creating image file done ***
*** Creating initramfs image file '/boot/initramfs-3.10.0-862.2.3.el7.x86_64.img' done ***
[root@lvm 01test]# 
[root@lvm 01test]# lsinitrd -m /boot/initramfs-$(uname -r).img | grep test
test
[root@lvm 01test]# 
[root@lvm 01test]# 
[root@lvm 01test]#  vim /boot/grub2/grub.cfg 
[root@lvm 01test]# 
[root@lvm 01test]# 
[root@lvm 01test]# reboot 
